<?xml version="1.0" encoding="UTF-8"?>
<!-- Generated by org.testng.reporters.JUnitReportReporter -->
<testsuite hostname="DESKTOP-S8T5TUM" failures="0" tests="1" name="Phase1.GET_Request_ValidateReponse" time="8.445" errors="0" timestamp="2021-05-28T21:57:23 IST" skipped="0">
  <testcase classname="Phase1.GET_Request_ValidateReponse" name="Get_API_Response_1" time="8.445"/>
  <system-out/>
</testsuite> <!-- Phase1.GET_Request_ValidateReponse -->
