<?xml version="1.0" encoding="UTF-8"?>
<!-- Generated by org.testng.reporters.JUnitReportReporter -->
<testsuite hostname="DESKTOP-S8T5TUM" failures="0" tests="1" name="Phase1.GET_Request" time="6.174" errors="0" timestamp="2021-05-28T21:38:29 IST" skipped="0">
  <testcase classname="Phase1.GET_Request" name="GetAPI3" time="6.174"/>
  <system-out/>
</testsuite> <!-- Phase1.GET_Request -->
